build/app/intermediates/manifest_merge_blame_file/debug/manifest-merger-blame-debug-report.txt
1<?xml version="1.0" encoding="utf-8"?>
2<manifest xmlns:android="http://schemas.android.com/apk/res/android"
3    package="com.example.tss_clubs"
4    android:versionCode="1"
5    android:versionName="1.0.0" >
6
7    <uses-sdk
8        android:minSdkVersion="19"
9        android:targetSdkVersion="31" />
10    <!--
11         The INTERNET permission is required for development. Specifically,
12         the Flutter tool needs it to communicate with the running application
13         to allow setting breakpoints, to provide hot reload, etc.
14    -->
15    <uses-permission android:name="android.permission.INTERNET" />
15-->src\debug\AndroidManifest.xml:7:5-66
15-->src\debug\AndroidManifest.xml:7:22-64
16    <uses-permission android:name="android.permission.READ_EXTERNAL_STORAGE" />
16-->[:file_picker] AndroidManifest.xml:9:5-80
16-->[:file_picker] AndroidManifest.xml:9:22-77
17
18    <queries>
18-->[:file_picker] AndroidManifest.xml:11:5-17:15
19        <intent>
19-->[:file_picker] AndroidManifest.xml:12:9-16:18
20            <action android:name="android.intent.action.GET_CONTENT" />
20-->[:file_picker] AndroidManifest.xml:13:13-72
20-->[:file_picker] AndroidManifest.xml:13:21-69
21
22            <data android:mimeType="*/*" />
22-->[:file_picker] AndroidManifest.xml:15:13-44
22-->[:file_picker] AndroidManifest.xml:15:19-41
23        </intent>
24    </queries>
25
26    <uses-permission android:name="android.permission.VIBRATE" /> <!-- Although the *SdkVersion is captured in gradle build files, this is required for non gradle builds -->
26-->[:vibration] AndroidManifest.xml:9:5-66
26-->[:vibration] AndroidManifest.xml:9:22-63
27    <!-- <uses-sdk android:minSdkVersion="14"/> -->
28    <uses-permission android:name="android.permission.ACCESS_NETWORK_STATE" />
28-->[com.google.firebase:firebase-storage:20.1.0] AndroidManifest.xml:25:5-79
28-->[com.google.firebase:firebase-storage:20.1.0] AndroidManifest.xml:25:22-76
29
30    <application
31        android:name="android.app.Application"
32        android:appComponentFactory="androidx.core.app.CoreComponentFactory"
32-->[androidx.core:core:1.6.0] AndroidManifest.xml:24:18-86
33        android:debuggable="true"
34        android:icon="@mipmap/ic_launcher"
35        android:label="tss_clubs" >
36        <activity
37            android:name="com.example.tss_clubs.MainActivity"
38            android:configChanges="orientation|keyboardHidden|keyboard|screenSize|smallestScreenSize|locale|layoutDirection|fontScale|screenLayout|density|uiMode"
39            android:exported="true"
40            android:hardwareAccelerated="true"
41            android:launchMode="singleTop"
42            android:theme="@style/LaunchTheme"
43            android:windowSoftInputMode="adjustResize" >
44
45            <!--
46                 Specifies an Android theme to apply to this Activity as soon as
47                 the Android process has started. This theme is visible to the user
48                 while the Flutter UI initializes. After that, this theme continues
49                 to determine the Window background behind the Flutter UI.
50            -->
51            <meta-data
52                android:name="io.flutter.embedding.android.NormalTheme"
53                android:resource="@style/NormalTheme" />
54
55            <intent-filter>
56                <action android:name="android.intent.action.MAIN" />
57
58                <category android:name="android.intent.category.LAUNCHER" />
59            </intent-filter>
60        </activity>
61        <!--
62             Don't delete the meta-data below.
63             This is used by the Flutter tool to generate GeneratedPluginRegistrant.java
64        -->
65        <meta-data
66            android:name="flutterEmbedding"
67            android:value="2" />
68
69        <service
69-->[:firebase_database] AndroidManifest.xml:10:9-14:19
70            android:name="com.google.firebase.components.ComponentDiscoveryService"
70-->[:firebase_database] AndroidManifest.xml:10:18-89
71            android:directBootAware="true"
71-->[com.google.firebase:firebase-common:20.2.0] AndroidManifest.xml:34:13-43
72            android:exported="false" >
72-->[com.google.firebase:firebase-storage:20.1.0] AndroidManifest.xml:31:13-37
73            <meta-data
73-->[:firebase_database] AndroidManifest.xml:11:13-13:85
74                android:name="com.google.firebase.components:io.flutter.plugins.firebase.database.FlutterFirebaseAppRegistrar"
74-->[:firebase_database] AndroidManifest.xml:12:17-127
75                android:value="com.google.firebase.components.ComponentRegistrar" />
75-->[:firebase_database] AndroidManifest.xml:13:17-82
76            <meta-data
76-->[:firebase_storage] AndroidManifest.xml:11:13-13:85
77                android:name="com.google.firebase.components:io.flutter.plugins.firebase.storage.FlutterFirebaseAppRegistrar"
77-->[:firebase_storage] AndroidManifest.xml:12:17-126
78                android:value="com.google.firebase.components.ComponentRegistrar" />
78-->[:firebase_storage] AndroidManifest.xml:13:17-82
79            <meta-data
79-->[:firebase_core] AndroidManifest.xml:11:13-13:85
80                android:name="com.google.firebase.components:io.flutter.plugins.firebase.core.FlutterFirebaseCoreRegistrar"
80-->[:firebase_core] AndroidManifest.xml:12:17-124
81                android:value="com.google.firebase.components.ComponentRegistrar" />
81-->[:firebase_core] AndroidManifest.xml:13:17-82
82            <meta-data
82-->[com.google.firebase:firebase-storage:20.1.0] AndroidManifest.xml:32:13-34:85
83                android:name="com.google.firebase.components:com.google.firebase.storage.StorageRegistrar"
83-->[com.google.firebase:firebase-storage:20.1.0] AndroidManifest.xml:33:17-107
84                android:value="com.google.firebase.components.ComponentRegistrar" />
84-->[com.google.firebase:firebase-storage:20.1.0] AndroidManifest.xml:34:17-82
85            <meta-data
85-->[com.google.firebase:firebase-database:20.1.0] AndroidManifest.xml:31:13-33:85
86                android:name="com.google.firebase.components:com.google.firebase.database.DatabaseRegistrar"
86-->[com.google.firebase:firebase-database:20.1.0] AndroidManifest.xml:32:17-109
87                android:value="com.google.firebase.components.ComponentRegistrar" />
87-->[com.google.firebase:firebase-database:20.1.0] AndroidManifest.xml:33:17-82
88        </service>
89
90        <uses-library
90-->[androidx.window:window:1.0.0-beta04] AndroidManifest.xml:25:9-27:40
91            android:name="androidx.window.extensions"
91-->[androidx.window:window:1.0.0-beta04] AndroidManifest.xml:26:13-54
92            android:required="false" />
92-->[androidx.window:window:1.0.0-beta04] AndroidManifest.xml:27:13-37
93        <uses-library
93-->[androidx.window:window:1.0.0-beta04] AndroidManifest.xml:28:9-30:40
94            android:name="androidx.window.sidecar"
94-->[androidx.window:window:1.0.0-beta04] AndroidManifest.xml:29:13-51
95            android:required="false" />
95-->[androidx.window:window:1.0.0-beta04] AndroidManifest.xml:30:13-37
96
97        <provider
97-->[com.google.firebase:firebase-common:20.2.0] AndroidManifest.xml:25:9-30:39
98            android:name="com.google.firebase.provider.FirebaseInitProvider"
98-->[com.google.firebase:firebase-common:20.2.0] AndroidManifest.xml:26:13-77
99            android:authorities="com.example.tss_clubs.firebaseinitprovider"
99-->[com.google.firebase:firebase-common:20.2.0] AndroidManifest.xml:27:13-72
100            android:directBootAware="true"
100-->[com.google.firebase:firebase-common:20.2.0] AndroidManifest.xml:28:13-43
101            android:exported="false"
101-->[com.google.firebase:firebase-common:20.2.0] AndroidManifest.xml:29:13-37
102            android:initOrder="100" />
102-->[com.google.firebase:firebase-common:20.2.0] AndroidManifest.xml:30:13-36
103
104        <activity
104-->[com.google.android.gms:play-services-base:18.0.1] AndroidManifest.xml:20:9-22:45
105            android:name="com.google.android.gms.common.api.GoogleApiActivity"
105-->[com.google.android.gms:play-services-base:18.0.1] AndroidManifest.xml:20:19-85
106            android:exported="false"
106-->[com.google.android.gms:play-services-base:18.0.1] AndroidManifest.xml:22:19-43
107            android:theme="@android:style/Theme.Translucent.NoTitleBar" />
107-->[com.google.android.gms:play-services-base:18.0.1] AndroidManifest.xml:21:19-78
108
109        <meta-data
109-->[com.google.android.gms:play-services-basement:18.1.0] AndroidManifest.xml:21:9-23:69
110            android:name="com.google.android.gms.version"
110-->[com.google.android.gms:play-services-basement:18.1.0] AndroidManifest.xml:22:13-58
111            android:value="@integer/google_play_services_version" />
111-->[com.google.android.gms:play-services-basement:18.1.0] AndroidManifest.xml:23:13-66
112    </application>
113
114</manifest>